[2025-01-02 22:23:34] This is codeql database index-files --include-extension=.properties --size-limit=5m --language properties -- D:\CodeQl_sectool\databases\java-sec-code-masterdatabase
[2025-01-02 22:23:34] Log file was started late.
[2025-01-02 22:23:34] Using index-files script D:\CodeQL\codeql\properties\tools\index-files.cmd.
[2025-01-02 22:23:34] [PROGRESS] database index-files> Scanning for files in D:\CodeQl_sectool\extracted\java-sec-code-master...
[2025-01-02 22:23:34] Calling plumbing command: codeql resolve files --include-extension=.properties --size-limit=5m D:\CodeQl_sectool\extracted\java-sec-code-master --format=json
[2025-01-02 22:23:34] [PROGRESS] resolve files> Scanning D:\CodeQl_sectool\extracted\java-sec-code-master...
[2025-01-02 22:23:34] [PROGRESS] resolve files> Scanning D:\CodeQl_sectool\extracted\java-sec-code-master\java-sec-code-master...
[2025-01-02 22:23:34] [PROGRESS] resolve files> Scanning D:\CodeQl_sectool\extracted\java-sec-code-master\java-sec-code-master\src...
[2025-01-02 22:23:34] [PROGRESS] resolve files> Scanning D:\CodeQl_sectool\extracted\java-sec-code-master\java-sec-code-master\src\main...
[2025-01-02 22:23:34] [PROGRESS] resolve files> Scanning D:\CodeQl_sectool\extracted\java-sec-code-master\java-sec-code-master\src\main\java...
[2025-01-02 22:23:34] [PROGRESS] resolve files> Scanning D:\CodeQl_sectool\extracted\java-sec-code-master\java-sec-code-master\src\main\java\org...
[2025-01-02 22:23:34] [PROGRESS] resolve files> Scanning D:\CodeQl_sectool\extracted\java-sec-code-master\java-sec-code-master\src\main\java\org\joychou...
[2025-01-02 22:23:34] [PROGRESS] resolve files> Scanning D:\CodeQl_sectool\extracted\java-sec-code-master\java-sec-code-master\src\main\java\org\joychou\config...
[2025-01-02 22:23:34] [PROGRESS] resolve files> Scanning D:\CodeQl_sectool\extracted\java-sec-code-master\java-sec-code-master\src\main\java\org\joychou\controller...
[2025-01-02 22:23:34] [PROGRESS] resolve files> Scanning D:\CodeQl_sectool\extracted\java-sec-code-master\java-sec-code-master\src\main\java\org\joychou\controller\othervulns...
[2025-01-02 22:23:34] [PROGRESS] resolve files> Scanning D:\CodeQl_sectool\extracted\java-sec-code-master\java-sec-code-master\src\main\java\org\joychou\dao...
[2025-01-02 22:23:34] [PROGRESS] resolve files> Scanning D:\CodeQl_sectool\extracted\java-sec-code-master\java-sec-code-master\src\main\java\org\joychou\filter...
[2025-01-02 22:23:34] [PROGRESS] resolve files> Scanning D:\CodeQl_sectool\extracted\java-sec-code-master\java-sec-code-master\src\main\java\org\joychou\impl...
[2025-01-02 22:23:34] [PROGRESS] resolve files> Scanning D:\CodeQl_sectool\extracted\java-sec-code-master\java-sec-code-master\src\main\java\org\joychou\mapper...
[2025-01-02 22:23:34] [PROGRESS] resolve files> Scanning D:\CodeQl_sectool\extracted\java-sec-code-master\java-sec-code-master\src\main\java\org\joychou\RMI...
[2025-01-02 22:23:34] [PROGRESS] resolve files> Scanning D:\CodeQl_sectool\extracted\java-sec-code-master\java-sec-code-master\src\main\java\org\joychou\security...
[2025-01-02 22:23:34] [PROGRESS] resolve files> Scanning D:\CodeQl_sectool\extracted\java-sec-code-master\java-sec-code-master\src\main\java\org\joychou\security\ssrf...
[2025-01-02 22:23:34] [PROGRESS] resolve files> Scanning D:\CodeQl_sectool\extracted\java-sec-code-master\java-sec-code-master\src\main\java\org\joychou\service...
[2025-01-02 22:23:34] [PROGRESS] resolve files> Scanning D:\CodeQl_sectool\extracted\java-sec-code-master\java-sec-code-master\src\main\java\org\joychou\util...
[2025-01-02 22:23:34] [PROGRESS] resolve files> Scanning D:\CodeQl_sectool\extracted\java-sec-code-master\java-sec-code-master\src\main\resources...
[2025-01-02 22:23:34] [PROGRESS] resolve files> Scanning D:\CodeQl_sectool\extracted\java-sec-code-master\java-sec-code-master\src\main\resources\mapper...
[2025-01-02 22:23:34] [PROGRESS] resolve files> Scanning D:\CodeQl_sectool\extracted\java-sec-code-master\java-sec-code-master\src\main\resources\static...
[2025-01-02 22:23:34] [PROGRESS] resolve files> Scanning D:\CodeQl_sectool\extracted\java-sec-code-master\java-sec-code-master\src\main\resources\static\css...
[2025-01-02 22:23:34] [PROGRESS] resolve files> Scanning D:\CodeQl_sectool\extracted\java-sec-code-master\java-sec-code-master\src\main\resources\templates...
[2025-01-02 22:23:34] [PROGRESS] resolve files> Scanning D:\CodeQl_sectool\extracted\java-sec-code-master\java-sec-code-master\src\main\resources\url...
[2025-01-02 22:23:34] [PROGRESS] resolve files> Scanning D:\CodeQl_sectool\extracted\java-sec-code-master\java-sec-code-master\src\main\test...
[2025-01-02 22:23:34] [PROGRESS] resolve files> Scanning D:\CodeQl_sectool\extracted\java-sec-code-master\java-sec-code-master\src\main\test\org...
[2025-01-02 22:23:34] [PROGRESS] resolve files> Scanning D:\CodeQl_sectool\extracted\java-sec-code-master\java-sec-code-master\src\main\test\org\test...
[2025-01-02 22:23:34] [PROGRESS] resolve files> Scanning D:\CodeQl_sectool\extracted\java-sec-code-master\java-sec-code-master\target...
[2025-01-02 22:23:34] [PROGRESS] resolve files> Scanning D:\CodeQl_sectool\extracted\java-sec-code-master\java-sec-code-master\target\classes...
[2025-01-02 22:23:34] [PROGRESS] resolve files> Scanning D:\CodeQl_sectool\extracted\java-sec-code-master\java-sec-code-master\target\classes\mapper...
[2025-01-02 22:23:34] [PROGRESS] resolve files> Scanning D:\CodeQl_sectool\extracted\java-sec-code-master\java-sec-code-master\target\classes\org...
[2025-01-02 22:23:34] [PROGRESS] resolve files> Scanning D:\CodeQl_sectool\extracted\java-sec-code-master\java-sec-code-master\target\classes\org\joychou...
[2025-01-02 22:23:34] [PROGRESS] resolve files> Scanning D:\CodeQl_sectool\extracted\java-sec-code-master\java-sec-code-master\target\classes\org\joychou\config...
[2025-01-02 22:23:34] [PROGRESS] resolve files> Scanning D:\CodeQl_sectool\extracted\java-sec-code-master\java-sec-code-master\target\classes\org\joychou\controller...
[2025-01-02 22:23:34] [PROGRESS] resolve files> Scanning D:\CodeQl_sectool\extracted\java-sec-code-master\java-sec-code-master\target\classes\org\joychou\controller\othervulns...
[2025-01-02 22:23:34] [PROGRESS] resolve files> Scanning D:\CodeQl_sectool\extracted\java-sec-code-master\java-sec-code-master\target\classes\org\joychou\dao...
[2025-01-02 22:23:34] [PROGRESS] resolve files> Scanning D:\CodeQl_sectool\extracted\java-sec-code-master\java-sec-code-master\target\classes\org\joychou\filter...
[2025-01-02 22:23:34] [PROGRESS] resolve files> Scanning D:\CodeQl_sectool\extracted\java-sec-code-master\java-sec-code-master\target\classes\org\joychou\impl...
[2025-01-02 22:23:34] [PROGRESS] resolve files> Scanning D:\CodeQl_sectool\extracted\java-sec-code-master\java-sec-code-master\target\classes\org\joychou\mapper...
[2025-01-02 22:23:34] [PROGRESS] resolve files> Scanning D:\CodeQl_sectool\extracted\java-sec-code-master\java-sec-code-master\target\classes\org\joychou\RMI...
[2025-01-02 22:23:34] [PROGRESS] resolve files> Scanning D:\CodeQl_sectool\extracted\java-sec-code-master\java-sec-code-master\target\classes\org\joychou\security...
[2025-01-02 22:23:34] [PROGRESS] resolve files> Scanning D:\CodeQl_sectool\extracted\java-sec-code-master\java-sec-code-master\target\classes\org\joychou\security\ssrf...
[2025-01-02 22:23:34] [PROGRESS] resolve files> Scanning D:\CodeQl_sectool\extracted\java-sec-code-master\java-sec-code-master\target\classes\org\joychou\service...
[2025-01-02 22:23:34] [PROGRESS] resolve files> Scanning D:\CodeQl_sectool\extracted\java-sec-code-master\java-sec-code-master\target\classes\org\joychou\util...
[2025-01-02 22:23:34] [PROGRESS] resolve files> Scanning D:\CodeQl_sectool\extracted\java-sec-code-master\java-sec-code-master\target\classes\static...
[2025-01-02 22:23:34] [PROGRESS] resolve files> Scanning D:\CodeQl_sectool\extracted\java-sec-code-master\java-sec-code-master\target\classes\static\css...
[2025-01-02 22:23:34] [PROGRESS] resolve files> Scanning D:\CodeQl_sectool\extracted\java-sec-code-master\java-sec-code-master\target\classes\templates...
[2025-01-02 22:23:34] [PROGRESS] resolve files> Scanning D:\CodeQl_sectool\extracted\java-sec-code-master\java-sec-code-master\target\classes\url...
[2025-01-02 22:23:34] [PROGRESS] resolve files> Scanning D:\CodeQl_sectool\extracted\java-sec-code-master\java-sec-code-master\target\generated-sources...
[2025-01-02 22:23:34] [PROGRESS] resolve files> Scanning D:\CodeQl_sectool\extracted\java-sec-code-master\java-sec-code-master\target\generated-sources\annotations...
[2025-01-02 22:23:34] [PROGRESS] resolve files> Scanning D:\CodeQl_sectool\extracted\java-sec-code-master\java-sec-code-master\target\maven-archiver...
[2025-01-02 22:23:34] [PROGRESS] resolve files> Scanning D:\CodeQl_sectool\extracted\java-sec-code-master\java-sec-code-master\target\maven-status...
[2025-01-02 22:23:34] [PROGRESS] resolve files> Scanning D:\CodeQl_sectool\extracted\java-sec-code-master\java-sec-code-master\target\maven-status\maven-compiler-plugin...
[2025-01-02 22:23:34] [PROGRESS] resolve files> Scanning D:\CodeQl_sectool\extracted\java-sec-code-master\java-sec-code-master\target\maven-status\maven-compiler-plugin\compile...
[2025-01-02 22:23:34] [PROGRESS] resolve files> Scanning D:\CodeQl_sectool\extracted\java-sec-code-master\java-sec-code-master\target\maven-status\maven-compiler-plugin\compile\default-compile...
[2025-01-02 22:23:34] Plumbing command codeql resolve files completed:
                      [
                        "D:\\CodeQl_sectool\\extracted\\java-sec-code-master\\java-sec-code-master\\src\\main\\resources\\application.properties",
                        "D:\\CodeQl_sectool\\extracted\\java-sec-code-master\\java-sec-code-master\\target\\classes\\application.properties",
                        "D:\\CodeQl_sectool\\extracted\\java-sec-code-master\\java-sec-code-master\\target\\maven-archiver\\pom.properties"
                      ]
[2025-01-02 22:23:34] [DETAILS] database index-files> Found 3 files.
[2025-01-02 22:23:34] [PROGRESS] database index-files> D:\CodeQl_sectool\databases\java-sec-code-masterdatabase: Indexing files in in D:\CodeQl_sectool\extracted\java-sec-code-master...
[2025-01-02 22:23:34] Using index-files script D:\CodeQL\codeql\properties\tools\index-files.cmd.
[2025-01-02 22:23:34] [PROGRESS] database index-files> Running command in D:\CodeQl_sectool\extracted\java-sec-code-master: [D:\CodeQL\codeql\properties\tools\index-files.cmd, D:\CodeQl_sectool\databases\java-sec-code-masterdatabase\working\files-to-index8880791557432246633.list]
[2025-01-02 22:23:34] Terminating normally.
