[2025-01-02 23:41:48] This is codeql execute queries -J-Xmx3238M --off-heap-ram=4030 --verbosity=progress --logdir=D:\CodeQl_sectool\databases\java-sec-code-masterdatabase\log --evaluator-log-level=5 --warnings=show --qlconfig-file=D:\CodeQl_sectool\qlconfig.yml --no-rerun --output=D:\CodeQl_sectool\databases\java-sec-code-masterdatabase\results -- D:\CodeQl_sectool\databases\java-sec-code-masterdatabase\db-java ./ql_rules/java/security\shiro.ql ./ql_rules/java/security\sql.ql ./ql_rules/java/security\test.ql
[2025-01-02 23:41:48] Calling plumbing command: codeql resolve queries --qlconfig-file=D:\CodeQl_sectool\qlconfig.yml --format=json -- ./ql_rules/java/security\shiro.ql ./ql_rules/java/security\sql.ql ./ql_rules/java/security\test.ql
[2025-01-02 23:41:49] [PROGRESS] resolve queries> Recording pack reference codeqlsectool at D:\CodeQl_sectool\ql_rules\java.
[2025-01-02 23:41:49] Plumbing command codeql resolve queries completed:
                      [
                        "D:\\CodeQl_sectool\\ql_rules\\java\\security\\shiro.ql",
                        "D:\\CodeQl_sectool\\ql_rules\\java\\security\\sql.ql",
                        "D:\\CodeQl_sectool\\ql_rules\\java\\security\\test.ql"
                      ]
[2025-01-02 23:41:49] Refusing fancy output: The terminal is not an xterm: 
[2025-01-02 23:41:49] Creating executor with 1 threads.
[2025-01-02 23:41:49] Exception caught at top level: Error initializing the IMB disk cache: the cache directory is already locked by another running process. Only one instance of the IMB can access a cache directory at a time. The lock file is located at D:\CodeQl_sectool\databases\java-sec-code-masterdatabase\db-java\default\cache\.lock
                      (eventual cause: OverlappingFileLockException)
                      com.semmle.inmemory.caching.RelationCacheImpl.takeFilesystemLock(RelationCacheImpl.java:357)
                      com.semmle.inmemory.caching.RelationCacheImpl.create(RelationCacheImpl.java:112)
                      com.semmle.inmemory.scheduler.EvaluationSchedule.<init>(EvaluationSchedule.java:91)
                      com.semmle.inmemory.caching.RelationManager.<init>(RelationManager.java:64)
                      com.semmle.inmemory.MemoryBackend.<init>(MemoryBackend.java:128)
                      com.semmle.cli2.ql.EvaluationCommon.<init>(EvaluationCommon.java:101)
                      com.semmle.cli2.ql.EvaluationCommon.<init>(EvaluationCommon.java:71)
                      com.semmle.cli2.execute.ExecuteQueriesCommand.executeSubcommand(ExecuteQueriesCommand.java:469)
                      com.semmle.cli2.picocli.SubcommandCommon.lambda$executeSubcommandWithMessages$5(SubcommandCommon.java:863)
                      com.semmle.cli2.picocli.SubcommandCommon.withCompilationMessages(SubcommandCommon.java:442)
                      com.semmle.cli2.picocli.SubcommandCommon.executeSubcommandWithMessages(SubcommandCommon.java:861)
                      com.semmle.cli2.picocli.SubcommandCommon.toplevelMain(SubcommandCommon.java:745)
                      com.semmle.cli2.picocli.SubcommandCommon.call(SubcommandCommon.java:726)
                      com.semmle.cli2.picocli.SubcommandMaker.runMain(SubcommandMaker.java:237)
                      com.semmle.cli2.picocli.SubcommandMaker.runMain(SubcommandMaker.java:257)
                      com.semmle.cli2.CodeQL.main(CodeQL.java:115)
                      
                       ... caused by:
                      
                      java.nio.channels.OverlappingFileLockException
                      com.semmle.util.files.FileSystemLock.<init>(FileSystemLock.java:74)
                      com.semmle.inmemory.caching.RelationCacheImpl.takeFilesystemLock(RelationCacheImpl.java:353)
                      com.semmle.inmemory.caching.RelationCacheImpl.create(RelationCacheImpl.java:112)
                      com.semmle.inmemory.scheduler.EvaluationSchedule.<init>(EvaluationSchedule.java:91)
                      com.semmle.inmemory.caching.RelationManager.<init>(RelationManager.java:64)
                      com.semmle.inmemory.MemoryBackend.<init>(MemoryBackend.java:128)
                      com.semmle.cli2.ql.EvaluationCommon.<init>(EvaluationCommon.java:101)
                      com.semmle.cli2.ql.EvaluationCommon.<init>(EvaluationCommon.java:71)
                      com.semmle.cli2.execute.ExecuteQueriesCommand.executeSubcommand(ExecuteQueriesCommand.java:469)
                      com.semmle.cli2.picocli.SubcommandCommon.lambda$executeSubcommandWithMessages$5(SubcommandCommon.java:863)
                      com.semmle.cli2.picocli.SubcommandCommon.withCompilationMessages(SubcommandCommon.java:442)
                      com.semmle.cli2.picocli.SubcommandCommon.executeSubcommandWithMessages(SubcommandCommon.java:861)
                      com.semmle.cli2.picocli.SubcommandCommon.toplevelMain(SubcommandCommon.java:745)
                      com.semmle.cli2.picocli.SubcommandCommon.call(SubcommandCommon.java:726)
                      com.semmle.cli2.picocli.SubcommandMaker.runMain(SubcommandMaker.java:237)
                      com.semmle.cli2.picocli.SubcommandMaker.runMain(SubcommandMaker.java:257)
                      com.semmle.cli2.CodeQL.main(CodeQL.java:115)
