[2025-04-21 18:27:23] This is codeql database index-files --include-extension=.xml --include-extension=.wsdd --size-limit 10m --language xml -- /Users/dr0se/Desktop/CatPaw_pro/codeqltool/CodeQl_sectool/databases/microdatabase
[2025-04-21 18:27:23] Log file was started late.
[2025-04-21 18:27:23] Using index-files script /Users/dr0se/codeql-tools/codeql-2.13.0/codeql/xml/tools/index-files.sh.
[2025-04-21 18:27:23] [PROGRESS] database index-files> Scanning for files in /Users/dr0se/Desktop/CatPaw_pro/codeqltool/CodeQl_sectool/extracted/micro...
[2025-04-21 18:27:23] Calling plumbing command: codeql resolve files --include-extension=.xml --include-extension=.wsdd --size-limit=10m /Users/dr0se/Desktop/CatPaw_pro/codeqltool/CodeQl_sectool/extracted/micro --format=json
[2025-04-21 18:27:23] [PROGRESS] resolve files> Scanning /Users/dr0se/Desktop/CatPaw_pro/codeqltool/CodeQl_sectool/extracted/micro...
[2025-04-21 18:27:23] [PROGRESS] resolve files> Scanning /Users/dr0se/Desktop/CatPaw_pro/codeqltool/CodeQl_sectool/extracted/micro/images...
[2025-04-21 18:27:23] [PROGRESS] resolve files> Scanning /Users/dr0se/Desktop/CatPaw_pro/codeqltool/CodeQl_sectool/extracted/micro/target...
[2025-04-21 18:27:23] [PROGRESS] resolve files> Scanning /Users/dr0se/Desktop/CatPaw_pro/codeqltool/CodeQl_sectool/extracted/micro/target/test-classes...
[2025-04-21 18:27:23] [PROGRESS] resolve files> Scanning /Users/dr0se/Desktop/CatPaw_pro/codeqltool/CodeQl_sectool/extracted/micro/target/test-classes/com...
[2025-04-21 18:27:23] [PROGRESS] resolve files> Scanning /Users/dr0se/Desktop/CatPaw_pro/codeqltool/CodeQl_sectool/extracted/micro/target/test-classes/com/l4yn3...
[2025-04-21 18:27:23] [PROGRESS] resolve files> Scanning /Users/dr0se/Desktop/CatPaw_pro/codeqltool/CodeQl_sectool/extracted/micro/target/test-classes/com/l4yn3/microserviceseclab...
[2025-04-21 18:27:23] [PROGRESS] resolve files> Scanning /Users/dr0se/Desktop/CatPaw_pro/codeqltool/CodeQl_sectool/extracted/micro/target/generated-sources...
[2025-04-21 18:27:23] [PROGRESS] resolve files> Scanning /Users/dr0se/Desktop/CatPaw_pro/codeqltool/CodeQl_sectool/extracted/micro/target/generated-sources/annotations...
[2025-04-21 18:27:23] [PROGRESS] resolve files> Scanning /Users/dr0se/Desktop/CatPaw_pro/codeqltool/CodeQl_sectool/extracted/micro/target/classes...
[2025-04-21 18:27:23] [PROGRESS] resolve files> Scanning /Users/dr0se/Desktop/CatPaw_pro/codeqltool/CodeQl_sectool/extracted/micro/target/classes/mappers...
[2025-04-21 18:27:23] [PROGRESS] resolve files> Scanning /Users/dr0se/Desktop/CatPaw_pro/codeqltool/CodeQl_sectool/extracted/micro/target/classes/com...
[2025-04-21 18:27:23] [PROGRESS] resolve files> Scanning /Users/dr0se/Desktop/CatPaw_pro/codeqltool/CodeQl_sectool/extracted/micro/target/classes/com/l4yn3...
[2025-04-21 18:27:23] [PROGRESS] resolve files> Scanning /Users/dr0se/Desktop/CatPaw_pro/codeqltool/CodeQl_sectool/extracted/micro/target/classes/com/l4yn3/microserviceseclab...
[2025-04-21 18:27:23] [PROGRESS] resolve files> Scanning /Users/dr0se/Desktop/CatPaw_pro/codeqltool/CodeQl_sectool/extracted/micro/target/classes/com/l4yn3/microserviceseclab/dao...
[2025-04-21 18:27:23] [PROGRESS] resolve files> Scanning /Users/dr0se/Desktop/CatPaw_pro/codeqltool/CodeQl_sectool/extracted/micro/target/classes/com/l4yn3/microserviceseclab/logic...
[2025-04-21 18:27:23] [PROGRESS] resolve files> Scanning /Users/dr0se/Desktop/CatPaw_pro/codeqltool/CodeQl_sectool/extracted/micro/target/classes/com/l4yn3/microserviceseclab/mapper...
[2025-04-21 18:27:23] [PROGRESS] resolve files> Scanning /Users/dr0se/Desktop/CatPaw_pro/codeqltool/CodeQl_sectool/extracted/micro/target/classes/com/l4yn3/microserviceseclab/controller...
[2025-04-21 18:27:23] [PROGRESS] resolve files> Scanning /Users/dr0se/Desktop/CatPaw_pro/codeqltool/CodeQl_sectool/extracted/micro/target/classes/com/l4yn3/microserviceseclab/db...
[2025-04-21 18:27:23] [PROGRESS] resolve files> Scanning /Users/dr0se/Desktop/CatPaw_pro/codeqltool/CodeQl_sectool/extracted/micro/target/classes/com/l4yn3/microserviceseclab/data...
[2025-04-21 18:27:23] [PROGRESS] resolve files> Scanning /Users/dr0se/Desktop/CatPaw_pro/codeqltool/CodeQl_sectool/extracted/micro/target/maven-status...
[2025-04-21 18:27:23] [PROGRESS] resolve files> Scanning /Users/dr0se/Desktop/CatPaw_pro/codeqltool/CodeQl_sectool/extracted/micro/target/maven-status/maven-compiler-plugin...
[2025-04-21 18:27:23] [PROGRESS] resolve files> Scanning /Users/dr0se/Desktop/CatPaw_pro/codeqltool/CodeQl_sectool/extracted/micro/target/maven-status/maven-compiler-plugin/testCompile...
[2025-04-21 18:27:23] [PROGRESS] resolve files> Scanning /Users/dr0se/Desktop/CatPaw_pro/codeqltool/CodeQl_sectool/extracted/micro/target/maven-status/maven-compiler-plugin/testCompile/default-testCompile...
[2025-04-21 18:27:23] [PROGRESS] resolve files> Scanning /Users/dr0se/Desktop/CatPaw_pro/codeqltool/CodeQl_sectool/extracted/micro/target/maven-status/maven-compiler-plugin/compile...
[2025-04-21 18:27:23] [PROGRESS] resolve files> Scanning /Users/dr0se/Desktop/CatPaw_pro/codeqltool/CodeQl_sectool/extracted/micro/target/maven-status/maven-compiler-plugin/compile/default-compile...
[2025-04-21 18:27:23] [PROGRESS] resolve files> Scanning /Users/dr0se/Desktop/CatPaw_pro/codeqltool/CodeQl_sectool/extracted/micro/target/maven-archiver...
[2025-04-21 18:27:23] [PROGRESS] resolve files> Scanning /Users/dr0se/Desktop/CatPaw_pro/codeqltool/CodeQl_sectool/extracted/micro/target/generated-test-sources...
[2025-04-21 18:27:23] [PROGRESS] resolve files> Scanning /Users/dr0se/Desktop/CatPaw_pro/codeqltool/CodeQl_sectool/extracted/micro/target/generated-test-sources/test-annotations...
[2025-04-21 18:27:23] [PROGRESS] resolve files> Scanning /Users/dr0se/Desktop/CatPaw_pro/codeqltool/CodeQl_sectool/extracted/micro/__MACOSX...
[2025-04-21 18:27:23] [PROGRESS] resolve files> Scanning /Users/dr0se/Desktop/CatPaw_pro/codeqltool/CodeQl_sectool/extracted/micro/__MACOSX/images...
[2025-04-21 18:27:23] [PROGRESS] resolve files> Scanning /Users/dr0se/Desktop/CatPaw_pro/codeqltool/CodeQl_sectool/extracted/micro/__MACOSX/src...
[2025-04-21 18:27:23] [PROGRESS] resolve files> Scanning /Users/dr0se/Desktop/CatPaw_pro/codeqltool/CodeQl_sectool/extracted/micro/__MACOSX/src/test...
[2025-04-21 18:27:23] [PROGRESS] resolve files> Scanning /Users/dr0se/Desktop/CatPaw_pro/codeqltool/CodeQl_sectool/extracted/micro/__MACOSX/src/test/java...
[2025-04-21 18:27:23] [PROGRESS] resolve files> Scanning /Users/dr0se/Desktop/CatPaw_pro/codeqltool/CodeQl_sectool/extracted/micro/__MACOSX/src/test/java/com...
[2025-04-21 18:27:23] [PROGRESS] resolve files> Scanning /Users/dr0se/Desktop/CatPaw_pro/codeqltool/CodeQl_sectool/extracted/micro/__MACOSX/src/test/java/com/l4yn3...
[2025-04-21 18:27:23] [PROGRESS] resolve files> Scanning /Users/dr0se/Desktop/CatPaw_pro/codeqltool/CodeQl_sectool/extracted/micro/__MACOSX/src/test/java/com/l4yn3/microserviceseclab...
[2025-04-21 18:27:23] [PROGRESS] resolve files> Scanning /Users/dr0se/Desktop/CatPaw_pro/codeqltool/CodeQl_sectool/extracted/micro/__MACOSX/src/main...
[2025-04-21 18:27:23] [PROGRESS] resolve files> Scanning /Users/dr0se/Desktop/CatPaw_pro/codeqltool/CodeQl_sectool/extracted/micro/__MACOSX/src/main/resources...
[2025-04-21 18:27:23] [PROGRESS] resolve files> Scanning /Users/dr0se/Desktop/CatPaw_pro/codeqltool/CodeQl_sectool/extracted/micro/__MACOSX/src/main/resources/mappers...
[2025-04-21 18:27:23] [PROGRESS] resolve files> Scanning /Users/dr0se/Desktop/CatPaw_pro/codeqltool/CodeQl_sectool/extracted/micro/__MACOSX/src/main/java...
[2025-04-21 18:27:23] [PROGRESS] resolve files> Scanning /Users/dr0se/Desktop/CatPaw_pro/codeqltool/CodeQl_sectool/extracted/micro/__MACOSX/src/main/java/com...
[2025-04-21 18:27:23] [PROGRESS] resolve files> Scanning /Users/dr0se/Desktop/CatPaw_pro/codeqltool/CodeQl_sectool/extracted/micro/__MACOSX/src/main/java/com/l4yn3...
[2025-04-21 18:27:23] [PROGRESS] resolve files> Scanning /Users/dr0se/Desktop/CatPaw_pro/codeqltool/CodeQl_sectool/extracted/micro/__MACOSX/src/main/java/com/l4yn3/microserviceseclab...
[2025-04-21 18:27:23] [PROGRESS] resolve files> Scanning /Users/dr0se/Desktop/CatPaw_pro/codeqltool/CodeQl_sectool/extracted/micro/__MACOSX/src/main/java/com/l4yn3/microserviceseclab/dao...
[2025-04-21 18:27:23] [PROGRESS] resolve files> Scanning /Users/dr0se/Desktop/CatPaw_pro/codeqltool/CodeQl_sectool/extracted/micro/__MACOSX/src/main/java/com/l4yn3/microserviceseclab/logic...
[2025-04-21 18:27:23] [PROGRESS] resolve files> Scanning /Users/dr0se/Desktop/CatPaw_pro/codeqltool/CodeQl_sectool/extracted/micro/__MACOSX/src/main/java/com/l4yn3/microserviceseclab/mapper...
[2025-04-21 18:27:23] [PROGRESS] resolve files> Scanning /Users/dr0se/Desktop/CatPaw_pro/codeqltool/CodeQl_sectool/extracted/micro/__MACOSX/src/main/java/com/l4yn3/microserviceseclab/controller...
[2025-04-21 18:27:23] [PROGRESS] resolve files> Scanning /Users/dr0se/Desktop/CatPaw_pro/codeqltool/CodeQl_sectool/extracted/micro/__MACOSX/src/main/java/com/l4yn3/microserviceseclab/db...
[2025-04-21 18:27:23] [PROGRESS] resolve files> Scanning /Users/dr0se/Desktop/CatPaw_pro/codeqltool/CodeQl_sectool/extracted/micro/__MACOSX/src/main/java/com/l4yn3/microserviceseclab/data...
[2025-04-21 18:27:23] [PROGRESS] resolve files> Scanning /Users/dr0se/Desktop/CatPaw_pro/codeqltool/CodeQl_sectool/extracted/micro/src...
[2025-04-21 18:27:23] [PROGRESS] resolve files> Scanning /Users/dr0se/Desktop/CatPaw_pro/codeqltool/CodeQl_sectool/extracted/micro/src/test...
[2025-04-21 18:27:23] [PROGRESS] resolve files> Scanning /Users/dr0se/Desktop/CatPaw_pro/codeqltool/CodeQl_sectool/extracted/micro/src/test/java...
[2025-04-21 18:27:23] [PROGRESS] resolve files> Scanning /Users/dr0se/Desktop/CatPaw_pro/codeqltool/CodeQl_sectool/extracted/micro/src/test/java/com...
[2025-04-21 18:27:23] [PROGRESS] resolve files> Scanning /Users/dr0se/Desktop/CatPaw_pro/codeqltool/CodeQl_sectool/extracted/micro/src/test/java/com/l4yn3...
[2025-04-21 18:27:23] [PROGRESS] resolve files> Scanning /Users/dr0se/Desktop/CatPaw_pro/codeqltool/CodeQl_sectool/extracted/micro/src/test/java/com/l4yn3/microserviceseclab...
[2025-04-21 18:27:23] [PROGRESS] resolve files> Scanning /Users/dr0se/Desktop/CatPaw_pro/codeqltool/CodeQl_sectool/extracted/micro/src/main...
[2025-04-21 18:27:23] [PROGRESS] resolve files> Scanning /Users/dr0se/Desktop/CatPaw_pro/codeqltool/CodeQl_sectool/extracted/micro/src/main/resources...
[2025-04-21 18:27:23] [PROGRESS] resolve files> Scanning /Users/dr0se/Desktop/CatPaw_pro/codeqltool/CodeQl_sectool/extracted/micro/src/main/resources/mappers...
[2025-04-21 18:27:23] [PROGRESS] resolve files> Scanning /Users/dr0se/Desktop/CatPaw_pro/codeqltool/CodeQl_sectool/extracted/micro/src/main/java...
[2025-04-21 18:27:23] [PROGRESS] resolve files> Scanning /Users/dr0se/Desktop/CatPaw_pro/codeqltool/CodeQl_sectool/extracted/micro/src/main/java/com...
[2025-04-21 18:27:23] [PROGRESS] resolve files> Scanning /Users/dr0se/Desktop/CatPaw_pro/codeqltool/CodeQl_sectool/extracted/micro/src/main/java/com/l4yn3...
[2025-04-21 18:27:23] [PROGRESS] resolve files> Scanning /Users/dr0se/Desktop/CatPaw_pro/codeqltool/CodeQl_sectool/extracted/micro/src/main/java/com/l4yn3/microserviceseclab...
[2025-04-21 18:27:23] [PROGRESS] resolve files> Scanning /Users/dr0se/Desktop/CatPaw_pro/codeqltool/CodeQl_sectool/extracted/micro/src/main/java/com/l4yn3/microserviceseclab/dao...
[2025-04-21 18:27:23] [PROGRESS] resolve files> Scanning /Users/dr0se/Desktop/CatPaw_pro/codeqltool/CodeQl_sectool/extracted/micro/src/main/java/com/l4yn3/microserviceseclab/logic...
[2025-04-21 18:27:23] [PROGRESS] resolve files> Scanning /Users/dr0se/Desktop/CatPaw_pro/codeqltool/CodeQl_sectool/extracted/micro/src/main/java/com/l4yn3/microserviceseclab/mapper...
[2025-04-21 18:27:23] [PROGRESS] resolve files> Scanning /Users/dr0se/Desktop/CatPaw_pro/codeqltool/CodeQl_sectool/extracted/micro/src/main/java/com/l4yn3/microserviceseclab/controller...
[2025-04-21 18:27:23] [PROGRESS] resolve files> Scanning /Users/dr0se/Desktop/CatPaw_pro/codeqltool/CodeQl_sectool/extracted/micro/src/main/java/com/l4yn3/microserviceseclab/db...
[2025-04-21 18:27:23] [PROGRESS] resolve files> Scanning /Users/dr0se/Desktop/CatPaw_pro/codeqltool/CodeQl_sectool/extracted/micro/src/main/java/com/l4yn3/microserviceseclab/data...
[2025-04-21 18:27:23] Plumbing command codeql resolve files completed:
                      [
                        "/Users/dr0se/Desktop/CatPaw_pro/codeqltool/CodeQl_sectool/extracted/micro/target/classes/mybatis-config.xml",
                        "/Users/dr0se/Desktop/CatPaw_pro/codeqltool/CodeQl_sectool/extracted/micro/target/classes/mappers/IStudentMapper.xml",
                        "/Users/dr0se/Desktop/CatPaw_pro/codeqltool/CodeQl_sectool/extracted/micro/target/classes/mappers/MyMapper.xml",
                        "/Users/dr0se/Desktop/CatPaw_pro/codeqltool/CodeQl_sectool/extracted/micro/pom.xml",
                        "/Users/dr0se/Desktop/CatPaw_pro/codeqltool/CodeQl_sectool/extracted/micro/__MACOSX/._pom.xml",
                        "/Users/dr0se/Desktop/CatPaw_pro/codeqltool/CodeQl_sectool/extracted/micro/__MACOSX/src/main/resources/._mybatis-config.xml",
                        "/Users/dr0se/Desktop/CatPaw_pro/codeqltool/CodeQl_sectool/extracted/micro/__MACOSX/src/main/resources/mappers/._IStudentMapper.xml",
                        "/Users/dr0se/Desktop/CatPaw_pro/codeqltool/CodeQl_sectool/extracted/micro/__MACOSX/src/main/resources/mappers/._MyMapper.xml",
                        "/Users/dr0se/Desktop/CatPaw_pro/codeqltool/CodeQl_sectool/extracted/micro/src/main/resources/mybatis-config.xml",
                        "/Users/dr0se/Desktop/CatPaw_pro/codeqltool/CodeQl_sectool/extracted/micro/src/main/resources/mappers/IStudentMapper.xml",
                        "/Users/dr0se/Desktop/CatPaw_pro/codeqltool/CodeQl_sectool/extracted/micro/src/main/resources/mappers/MyMapper.xml"
                      ]
[2025-04-21 18:27:23] [DETAILS] database index-files> Found 11 files.
[2025-04-21 18:27:23] [PROGRESS] database index-files> /Users/dr0se/Desktop/CatPaw_pro/codeqltool/CodeQl_sectool/databases/microdatabase: Indexing files in in /Users/dr0se/Desktop/CatPaw_pro/codeqltool/CodeQl_sectool/extracted/micro...
[2025-04-21 18:27:23] Using index-files script /Users/dr0se/codeql-tools/codeql-2.13.0/codeql/xml/tools/index-files.sh.
[2025-04-21 18:27:23] [PROGRESS] database index-files> Running command in /Users/dr0se/Desktop/CatPaw_pro/codeqltool/CodeQl_sectool/extracted/micro: [/Users/dr0se/codeql-tools/codeql-2.13.0/codeql/xml/tools/index-files.sh, /Users/dr0se/Desktop/CatPaw_pro/codeqltool/CodeQl_sectool/databases/microdatabase/working/files-to-index2309772437473573327.list]
[2025-04-21 18:27:23] [build-stdout] [2025-04-21 18:27:23] [WARN] Parsing error in file /Users/dr0se/Desktop/CatPaw_pro/codeqltool/CodeQl_sectool/extracted/micro/__MACOSX/._pom.xml: Invalid UTF-8 start byte 0xb0 (at char #46, byte #-1)
[2025-04-21 18:27:23] [build-stdout] 18:27:23.737 [main] WARN com.semmle.extractor.xml.StAXXmlPopulator - Parsing error in file /Users/dr0se/Desktop/CatPaw_pro/codeqltool/CodeQl_sectool/extracted/micro/__MACOSX/._pom.xml: Invalid UTF-8 start byte 0xb0 (at char #46, byte #-1)
[2025-04-21 18:27:23] [build-stdout] [2025-04-21 18:27:23] [WARN] Parsing error in file /Users/dr0se/Desktop/CatPaw_pro/codeqltool/CodeQl_sectool/extracted/micro/__MACOSX/src/main/resources/._mybatis-config.xml: Invalid UTF-8 start byte 0xb0 (at char #46, byte #-1)
[2025-04-21 18:27:23] [build-stdout] 18:27:23.740 [main] WARN com.semmle.extractor.xml.StAXXmlPopulator - Parsing error in file /Users/dr0se/Desktop/CatPaw_pro/codeqltool/CodeQl_sectool/extracted/micro/__MACOSX/src/main/resources/._mybatis-config.xml: Invalid UTF-8 start byte 0xb0 (at char #46, byte #-1)
[2025-04-21 18:27:23] [build-stdout] [2025-04-21 18:27:23] [WARN] Parsing error in file /Users/dr0se/Desktop/CatPaw_pro/codeqltool/CodeQl_sectool/extracted/micro/__MACOSX/src/main/resources/mappers/._IStudentMapper.xml: Invalid UTF-8 start byte 0xb0 (at char #46, byte #-1)
[2025-04-21 18:27:23] [build-stdout] 18:27:23.741 [main] WARN com.semmle.extractor.xml.StAXXmlPopulator - Parsing error in file /Users/dr0se/Desktop/CatPaw_pro/codeqltool/CodeQl_sectool/extracted/micro/__MACOSX/src/main/resources/mappers/._IStudentMapper.xml: Invalid UTF-8 start byte 0xb0 (at char #46, byte #-1)
[2025-04-21 18:27:23] [build-stdout] [2025-04-21 18:27:23] [WARN] Parsing error in file /Users/dr0se/Desktop/CatPaw_pro/codeqltool/CodeQl_sectool/extracted/micro/__MACOSX/src/main/resources/mappers/._MyMapper.xml: Invalid UTF-8 start byte 0xb0 (at char #46, byte #-1)
[2025-04-21 18:27:23] [build-stdout] 18:27:23.742 [main] WARN com.semmle.extractor.xml.StAXXmlPopulator - Parsing error in file /Users/dr0se/Desktop/CatPaw_pro/codeqltool/CodeQl_sectool/extracted/micro/__MACOSX/src/main/resources/mappers/._MyMapper.xml: Invalid UTF-8 start byte 0xb0 (at char #46, byte #-1)
[2025-04-21 18:27:23] Terminating normally.
