[2025-04-21 18:27:20] [javac-extractor-42447] Starting extraction for:
                                              sun.java.command=com.semmle.extractor.java.JavaExtractor --jdk-version -1 --javac-args @@@/Users/dr0se/Desktop/CatPaw_pro/codeqltool/CodeQl_sectool/databases/microdatabase/log/ext/javac-1.args
                                              user.dir=/Users/dr0se/Desktop/CatPaw_pro/codeqltool/CodeQl_sectool/extracted/micro
[2025-04-21 18:27:20] [javac-extractor-42447] Compilation name /Users/dr0se/Desktop/CatPaw_pro/codeqltool/CodeQl_sectool/databases/microdatabase/trap/java/diagnostics/diagnostic-1.trap.gz
[2025-04-21 18:27:20] [javac-extractor-42447] [WARN] Appending source destination directory /Users/dr0se/Desktop/CatPaw_pro/codeqltool/CodeQl_sectool/extracted/micro/target/generated-test-sources/test-annotations to sourcepath
[2025-04-21 18:27:21] [javac-extractor-42447] Processing file /Users/dr0se/Desktop/CatPaw_pro/codeqltool/CodeQl_sectool/extracted/micro/src/test/java/com/l4yn3/microserviceseclab/MicroServiceSeclabApplicationTests.java
[2025-04-21 18:27:21] [javac-extractor-42447] [WARN] Not rewriting trap file for /Users/dr0se/Desktop/CatPaw_pro/codeqltool/CodeQl_sectool/databases/microdatabase/trap/java/classes/java/lang/Object.members/Object.members#52.0-1712748220000-java.trap.gz as it exists
[2025-04-21 18:27:21] [javac-extractor-42447] [WARN] Not rewriting trap file for /Users/dr0se/Desktop/CatPaw_pro/codeqltool/CodeQl_sectool/databases/microdatabase/trap/java/classes/java/lang/annotation/Annotation.members/Annotation.members#52.0-1712748222000-java.trap.gz as it exists
[2025-04-21 18:27:21] [javac-extractor-42447] [WARN] Not rewriting trap file for /Users/dr0se/Desktop/CatPaw_pro/codeqltool/CodeQl_sectool/databases/microdatabase/trap/java/classes/java/lang/annotation/Documented.members/Documented.members#52.0-1712748220000-java.trap.gz as it exists
[2025-04-21 18:27:21] [javac-extractor-42447] [WARN] Not rewriting trap file for /Users/dr0se/Desktop/CatPaw_pro/codeqltool/CodeQl_sectool/databases/microdatabase/trap/java/classes/java/lang/annotation/Retention.members/Retention.members#52.0-1712748220000-java.trap.gz as it exists
[2025-04-21 18:27:21] [javac-extractor-42447] [WARN] Not rewriting trap file for /Users/dr0se/Desktop/CatPaw_pro/codeqltool/CodeQl_sectool/databases/microdatabase/trap/java/classes/java/lang/annotation/RetentionPolicy.members/RetentionPolicy.members#52.0-1712748222000-java.trap.gz as it exists
[2025-04-21 18:27:21] [javac-extractor-42447] [WARN] Not rewriting trap file for /Users/dr0se/Desktop/CatPaw_pro/codeqltool/CodeQl_sectool/databases/microdatabase/trap/java/classes/java/lang/annotation/Target.members/Target.members#52.0-1712748220000-java.trap.gz as it exists
[2025-04-21 18:27:21] [javac-extractor-42447] [WARN] Not rewriting trap file for /Users/dr0se/Desktop/CatPaw_pro/codeqltool/CodeQl_sectool/databases/microdatabase/trap/java/classes/java/lang/annotation/ElementType.members/ElementType.members#52.0-1712748222000-java.trap.gz as it exists
[2025-04-21 18:27:21] [javac-extractor-42447] [WARN] Not rewriting trap file for /Users/dr0se/Desktop/CatPaw_pro/codeqltool/CodeQl_sectool/databases/microdatabase/trap/java/classes/java/lang/Cloneable.members/Cloneable.members#52.0-1712748220000-java.trap.gz as it exists
[2025-04-21 18:27:21] [javac-extractor-42447] [WARN] Not rewriting trap file for /Users/dr0se/Desktop/CatPaw_pro/codeqltool/CodeQl_sectool/databases/microdatabase/trap/java/classes/java/io/Serializable.members/Serializable.members#52.0-1712748220000-java.trap.gz as it exists
[2025-04-21 18:27:21] [javac-extractor-42447] [WARN] Not rewriting trap file for /Users/dr0se/Desktop/CatPaw_pro/codeqltool/CodeQl_sectool/databases/microdatabase/trap/java/classes/java/lang/String.members/String.members#52.0-1712748220000-java.trap.gz as it exists
[2025-04-21 18:27:21] [javac-extractor-42447] [WARN] Not rewriting trap file for /Users/dr0se/Desktop/CatPaw_pro/codeqltool/CodeQl_sectool/databases/microdatabase/trap/java/classes/java/lang/annotation/Inherited.members/Inherited.members#52.0-1712748228000-java.trap.gz as it exists
[2025-04-21 18:27:21] [javac-extractor-42447] [WARN] Not rewriting trap file for /Users/dr0se/Desktop/CatPaw_pro/codeqltool/CodeQl_sectool/databases/microdatabase/trap/java/classes/java/lang/Class.members/Class.members#52.0-1712748220000-java.trap.gz as it exists
[2025-04-21 18:27:21] [javac-extractor-42447] [WARN] Not rewriting trap file for /Users/dr0se/Desktop/CatPaw_pro/codeqltool/CodeQl_sectool/databases/microdatabase/trap/java/classes/java/lang/reflect/GenericDeclaration.members/GenericDeclaration.members#52.0-1712748220000-java.trap.gz as it exists
[2025-04-21 18:27:21] [javac-extractor-42447] [WARN] Not rewriting trap file for /Users/dr0se/Desktop/CatPaw_pro/codeqltool/CodeQl_sectool/databases/microdatabase/trap/java/classes/java/lang/reflect/Type.members/Type.members#52.0-1712748220000-java.trap.gz as it exists
[2025-04-21 18:27:21] [javac-extractor-42447] [WARN] Not rewriting trap file for /Users/dr0se/Desktop/CatPaw_pro/codeqltool/CodeQl_sectool/databases/microdatabase/trap/java/classes/java/lang/reflect/AnnotatedElement.members/AnnotatedElement.members#52.0-1712748220000-java.trap.gz as it exists
[2025-04-21 18:27:21] [javac-extractor-42447] [WARN] Not rewriting trap file for /Users/dr0se/Desktop/CatPaw_pro/codeqltool/CodeQl_sectool/databases/microdatabase/trap/java/classes/org/springframework/core/annotation/AliasFor.members/AliasFor.members#52.0-318182400000-java.trap.gz as it exists
[2025-04-21 18:27:21] [javac-extractor-42447] [WARN] Not rewriting trap file for /Users/dr0se/Desktop/CatPaw_pro/codeqltool/CodeQl_sectool/databases/microdatabase/trap/java/classes/java/lang/Enum.members/Enum.members#52.0-1712748222000-java.trap.gz as it exists
[2025-04-21 18:27:21] [javac-extractor-42447] [WARN] Not rewriting trap file for /Users/dr0se/Desktop/CatPaw_pro/codeqltool/CodeQl_sectool/databases/microdatabase/trap/java/classes/java/lang/Comparable.members/Comparable.members#52.0-1712748220000-java.trap.gz as it exists
[2025-04-21 18:27:21] [javac-extractor-42447] [WARN] Not rewriting trap file for /Users/dr0se/Desktop/CatPaw_pro/codeqltool/CodeQl_sectool/databases/microdatabase/trap/java/classes/java/lang/CloneNotSupportedException.members/CloneNotSupportedException.members#52.0-1712748220000-java.trap.gz as it exists
[2025-04-21 18:27:21] [javac-extractor-42447] [WARN] Not rewriting trap file for /Users/dr0se/Desktop/CatPaw_pro/codeqltool/CodeQl_sectool/databases/microdatabase/trap/java/classes/java/lang/annotation/Repeatable.members/Repeatable.members#52.0-1712748230000-java.trap.gz as it exists
[2025-04-21 18:27:21] [javac-extractor-42447] [WARN] Not rewriting trap file for /Users/dr0se/Desktop/CatPaw_pro/codeqltool/CodeQl_sectool/databases/microdatabase/trap/java/classes/org/springframework/context/ApplicationContext.members/ApplicationContext.members#52.0-1626215938000-java.trap.gz as it exists
[2025-04-21 18:27:21] [javac-extractor-42447] [WARN] Not rewriting trap file for /Users/dr0se/Desktop/CatPaw_pro/codeqltool/CodeQl_sectool/databases/microdatabase/trap/java/classes/org/springframework/lang/Nullable.members/Nullable.members#52.0-318182400000-java.trap.gz as it exists
[2025-04-21 18:27:21] [javac-extractor-42447] [WARN] Not rewriting trap file for /Users/dr0se/Desktop/CatPaw_pro/codeqltool/CodeQl_sectool/databases/microdatabase/trap/java/classes/java/lang/Exception.members/Exception.members#52.0-1712748220000-java.trap.gz as it exists
[2025-04-21 18:27:21] [javac-extractor-42447] [WARN] Not rewriting trap file for /Users/dr0se/Desktop/CatPaw_pro/codeqltool/CodeQl_sectool/databases/microdatabase/trap/java/classes/java/util/List.members/List.members#52.0-1712748220000-java.trap.gz as it exists
[2025-04-21 18:27:21] [javac-extractor-42447] [WARN] Not rewriting trap file for /Users/dr0se/Desktop/CatPaw_pro/codeqltool/CodeQl_sectool/databases/microdatabase/trap/java/classes/java/util/Collection.members/Collection.members#52.0-1712748220000-java.trap.gz as it exists
[2025-04-21 18:27:21] [javac-extractor-42447] [WARN] Not rewriting trap file for /Users/dr0se/Desktop/CatPaw_pro/codeqltool/CodeQl_sectool/databases/microdatabase/trap/java/classes/java/lang/Iterable.members/Iterable.members#52.0-1712748220000-java.trap.gz as it exists
[2025-04-21 18:27:21] [javac-extractor-42447] [WARN] Not rewriting trap file for /Users/dr0se/Desktop/CatPaw_pro/codeqltool/CodeQl_sectool/databases/microdatabase/trap/java/classes/java/util/Set.members/Set.members#52.0-1712748220000-java.trap.gz as it exists
[2025-04-21 18:27:21] [javac-extractor-42447] [WARN] Not rewriting trap file for /Users/dr0se/Desktop/CatPaw_pro/codeqltool/CodeQl_sectool/databases/microdatabase/trap/java/classes/java/lang/FunctionalInterface.members/FunctionalInterface.members#52.0-1712748220000-java.trap.gz as it exists
[2025-04-21 18:27:21] [javac-extractor-42447] [WARN] Not rewriting trap file for /Users/dr0se/Desktop/CatPaw_pro/codeqltool/CodeQl_sectool/databases/microdatabase/trap/java/classes/java/util/Map.members/Map.members#52.0-1712748220000-java.trap.gz as it exists
[2025-04-21 18:27:21] [javac-extractor-42447] [WARN] Not rewriting trap file for /Users/dr0se/Desktop/CatPaw_pro/codeqltool/CodeQl_sectool/databases/microdatabase/trap/java/classes/java/util/function/Function.members/Function.members#52.0-1712748220000-java.trap.gz as it exists
[2025-04-21 18:27:21] [javac-extractor-42447] [WARN] Not rewriting trap file for /Users/dr0se/Desktop/CatPaw_pro/codeqltool/CodeQl_sectool/databases/microdatabase/trap/java/classes/java/util/Optional.members/Optional.members#52.0-1712748222000-java.trap.gz as it exists
[2025-04-21 18:27:21] [javac-extractor-42447] [WARN] Not rewriting trap file for /Users/dr0se/Desktop/CatPaw_pro/codeqltool/CodeQl_sectool/databases/microdatabase/trap/java/classes/java/lang/Throwable.members/Throwable.members#52.0-1712748220000-java.trap.gz as it exists
[2025-04-21 18:27:21] [javac-extractor-42447] [WARN] Not rewriting trap file for /Users/dr0se/Desktop/CatPaw_pro/codeqltool/CodeQl_sectool/databases/microdatabase/trap/java/classes/java/lang/reflect/Method.members/Method.members#52.0-1712748222000-java.trap.gz as it exists
[2025-04-21 18:27:21] [javac-extractor-42447] [WARN] Not rewriting trap file for /Users/dr0se/Desktop/CatPaw_pro/codeqltool/CodeQl_sectool/databases/microdatabase/trap/java/classes/java/lang/reflect/Executable.members/Executable.members#52.0-1712748222000-java.trap.gz as it exists
[2025-04-21 18:27:21] [javac-extractor-42447] [WARN] Not rewriting trap file for /Users/dr0se/Desktop/CatPaw_pro/codeqltool/CodeQl_sectool/databases/microdatabase/trap/java/classes/java/lang/reflect/Parameter.members/Parameter.members#52.0-1712748222000-java.trap.gz as it exists
[2025-04-21 18:27:21] [javac-extractor-42447] [WARN] Not rewriting trap file for /Users/dr0se/Desktop/CatPaw_pro/codeqltool/CodeQl_sectool/databases/microdatabase/trap/java/classes/org/springframework/context/ApplicationContextInitializer.members/ApplicationContextInitializer.members#52.0-1626215938000-java.trap.gz as it exists
[2025-04-21 18:27:21] [javac-extractor-42447] [WARN] Not rewriting trap file for /Users/dr0se/Desktop/CatPaw_pro/codeqltool/CodeQl_sectool/databases/microdatabase/trap/java/classes/org/springframework/core/annotation/AnnotationAttributes.members/AnnotationAttributes.members#52.0-318182400000-java.trap.gz as it exists
[2025-04-21 18:27:21] [javac-extractor-42447] [WARN] Not rewriting trap file for /Users/dr0se/Desktop/CatPaw_pro/codeqltool/CodeQl_sectool/databases/microdatabase/trap/java/classes/org/springframework/core/AttributeAccessor.members/AttributeAccessor.members#52.0-318182400000-java.trap.gz as it exists
[2025-04-21 18:27:21] [javac-extractor-42447] [WARN] Not rewriting trap file for /Users/dr0se/Desktop/CatPaw_pro/codeqltool/CodeQl_sectool/databases/microdatabase/trap/java/classes/org/springframework/context/ApplicationEvent.members/ApplicationEvent.members#52.0-1626215938000-java.trap.gz as it exists
[2025-04-21 18:27:21] [javac-extractor-42447] [WARN] Not rewriting trap file for /Users/dr0se/Desktop/CatPaw_pro/codeqltool/CodeQl_sectool/databases/microdatabase/trap/java/classes/org/springframework/context/ConfigurableApplicationContext.members/ConfigurableApplicationContext.members#52.0-1626215938000-java.trap.gz as it exists
[2025-04-21 18:27:21] [javac-extractor-42447] [WARN] Not rewriting trap file for /Users/dr0se/Desktop/CatPaw_pro/codeqltool/CodeQl_sectool/databases/microdatabase/trap/java/classes/java/lang/RuntimeException.members/RuntimeException.members#52.0-1712748222000-java.trap.gz as it exists
[2025-04-21 18:27:22] [javac-extractor-42447] Processing JAR file: /Users/dr0se/.m2/repository/org/junit/jupiter/junit-jupiter-api/5.7.2/junit-jupiter-api-5.7.2.jar
[2025-04-21 18:27:22] [javac-extractor-42447] Processing JAR file: /Users/dr0se/.m2/repository/org/springframework/boot/spring-boot-test/2.5.3/spring-boot-test-2.5.3.jar
[2025-04-21 18:27:22] [javac-extractor-42447] Processing JAR file: /Users/dr0se/.m2/repository/org/apiguardian/apiguardian-api/1.1.0/apiguardian-api-1.1.0.jar
[2025-04-21 18:27:22] [javac-extractor-42447] Processing JAR file: /Users/dr0se/.m2/repository/org/junit/platform/junit-platform-commons/1.7.2/junit-platform-commons-1.7.2.jar
[2025-04-21 18:27:22] [javac-extractor-42447] Processing JAR file: /Users/dr0se/.m2/repository/org/springframework/spring-test/5.3.9/spring-test-5.3.9.jar
[2025-04-21 18:27:22] [javac-extractor-42447] Javac init time: 1.0s
[2025-04-21 18:27:22] [javac-extractor-42447] Javac attr time: 0.0s
[2025-04-21 18:27:22] [javac-extractor-42447] Extractor time: 0.6s
[2025-04-21 18:27:22] [javac-extractor-42447] Other time: 0.2s
[2025-04-21 18:27:22] [javac-extractor-42447] Total time: 1.8s
