[T 09:32:23 18304] Initializing tracer.
[T 09:32:23 18304] Initializing tags.
[T 09:32:24 18304] CodeQL CLI version 2.17.3
[T 09:32:24 18304] Initializing tracer.
[T 09:32:24 18304] Initializing tags.
[T 09:32:24 18304] Allocated ID 454B527600004780_0000000000000001 (parent )
[T 09:32:24 18304] ==== Candidate to intercept: D:\CodeQL\codeql\tools\win64\runner.exe (20468) ====
[T 09:32:24 18304] Lua: === Intercepted call to d:\codeql\codeql\tools\win64\runner.exe ===
[T 09:32:24 18304] Executing the following tracer actions:
[T 09:32:24 18304] Tracer actions:
[T 09:32:24 18304] pre_invocations(0)
[T 09:32:24 18304] post_invocations(0)
[T 09:32:24 18304] trace_languages(1): [java]
[T 09:32:24 20468] Initializing tracer.
[T 09:32:24 20468] Initializing tags.
[T 09:32:24 20468] ID set to 454B527600004780_0000000000000001 (parent root)
[T 09:32:24 20468] Allocated ID 1A53B9DA00004FF4_0000000000000001 (parent 454B527600004780_0000000000000001)
[T 09:32:24 20468] ==== Candidate to intercept: C:\Windows\System32\cmd.exe (30536) ====
[T 09:32:24 20468] Lua: === Intercepted call to c:\windows\system32\cmd.exe ===
[T 09:32:24 20468] Executing the following tracer actions:
[T 09:32:24 20468] Tracer actions:
[T 09:32:24 20468] pre_invocations(0)
[T 09:32:24 20468] post_invocations(0)
[T 09:32:24 20468] trace_languages(1): [java]
[T 09:32:24 30536] Initializing tracer.
[T 09:32:24 30536] Initializing tags.
[T 09:32:24 30536] ID set to 1A53B9DA00004FF4_0000000000000001 (parent 454B527600004780_0000000000000001)
[T 09:32:24 30536] Allocated ID 59FE8E9E00007748_0000000000000001 (parent 1A53B9DA00004FF4_0000000000000001)
[T 09:32:24 30536] ==== Candidate to intercept: D:\CodeQL\codeql\tools\win64\java\bin\java.exe (27256) ====
[T 09:32:24 30536] Lua: === Intercepted call to d:\codeql\codeql\tools\win64\java\bin\java.exe ===
[T 09:32:24 30536] Executing the following tracer actions:
[T 09:32:24 30536] Tracer actions:
[T 09:32:24 30536] pre_invocations(0)
[T 09:32:24 30536] post_invocations(0)
[T 09:32:24 30536] trace_languages(1): [java]
[T 09:32:24 27256] Initializing tracer.
[T 09:32:24 27256] Initializing tags.
[T 09:32:24 27256] ID set to 59FE8E9E00007748_0000000000000001 (parent 1A53B9DA00004FF4_0000000000000001)
[T 09:32:24 27256] Passing through -javaagent:D:\CodeQL\codeql\java\tools\codeql-java-agent.jar=ignore-project,java,kotlin to underlying JVM.
[T 09:32:24 27256] Passing through -Xbootclasspath/a:D:\CodeQL\codeql\java\tools\codeql-java-agent.jar to underlying JVM.
[T 09:32:24 27256] Intercepted JVM creation with extra hidden args: ['-javaagent:D:\CodeQL\codeql\java\tools\codeql-java-agent.jar=ignore-project,java,kotlin' '-Xbootclasspath/a:D:\CodeQL\codeql\java\tools\codeql-java-agent.jar' ] (result: 1, 0).
[T 09:32:24 27256] Allocated ID 7D1D39BE00006A78_0000000000000001 (parent 59FE8E9E00007748_0000000000000001)
[T 09:32:24 27256] ==== Candidate to intercept: D:\CodeQL\codeql\tools\win64\runner.exe (9472) ====
[T 09:32:24 27256] Lua: === Intercepted call to d:\codeql\codeql\tools\win64\runner.exe ===
[T 09:32:24 27256] Executing the following tracer actions:
[T 09:32:24 27256] Tracer actions:
[T 09:32:24 27256] pre_invocations(0)
[T 09:32:24 27256] post_invocations(0)
[T 09:32:24 27256] trace_languages(1): [java]
[T 09:32:24 9472] Initializing tracer.
[T 09:32:24 9472] Initializing tags.
[T 09:32:24 9472] ID set to 7D1D39BE00006A78_0000000000000001 (parent 59FE8E9E00007748_0000000000000001)
[T 09:32:24 9472] Allocated ID A99EEF0100002500_0000000000000001 (parent 7D1D39BE00006A78_0000000000000001)
[T 09:32:24 9472] ==== Candidate to intercept: C:\Windows\System32\cmd.exe (21152) ====
[T 09:32:24 9472] Lua: === Intercepted call to c:\windows\system32\cmd.exe ===
[T 09:32:24 9472] Executing the following tracer actions:
[T 09:32:24 9472] Tracer actions:
[T 09:32:24 9472] pre_invocations(0)
[T 09:32:24 9472] post_invocations(0)
[T 09:32:24 9472] trace_languages(1): [java]
[T 09:32:24 21152] Initializing tracer.
[T 09:32:24 21152] Initializing tags.
[T 09:32:24 21152] ID set to A99EEF0100002500_0000000000000001 (parent 7D1D39BE00006A78_0000000000000001)
[T 09:32:25 21152] Allocated ID 8BE1AE9D000052A0_0000000000000001 (parent A99EEF0100002500_0000000000000001)
[T 09:32:25 21152] ==== Candidate to intercept: C:\Program Files\Java\jdk1.8.0_65\bin\java.exe (8648) ====
[T 09:32:25 21152] Lua: === Intercepted call to c:\program files\java\jdk1.8.0_65\bin\java.exe ===
[T 09:32:25 21152] Executing the following tracer actions:
[T 09:32:25 21152] Tracer actions:
[T 09:32:25 21152] pre_invocations(0)
[T 09:32:25 21152] post_invocations(0)
[T 09:32:25 21152] trace_languages(1): [java]
[T 09:32:25 8648] Initializing tracer.
[T 09:32:25 8648] Initializing tags.
[T 09:32:25 8648] ID set to 8BE1AE9D000052A0_0000000000000001 (parent A99EEF0100002500_0000000000000001)
[T 09:32:25 8648] Passing through -javaagent:D:\CodeQL\codeql\java\tools\codeql-java-agent.jar=ignore-project,java,kotlin to underlying JVM.
[T 09:32:25 8648] Passing through -Xbootclasspath/a:D:\CodeQL\codeql\java\tools\codeql-java-agent.jar to underlying JVM.
[T 09:32:25 8648] Intercepted JVM creation with extra hidden args: ['-javaagent:D:\CodeQL\codeql\java\tools\codeql-java-agent.jar=ignore-project,java,kotlin' '-Xbootclasspath/a:D:\CodeQL\codeql\java\tools\codeql-java-agent.jar' ] (result: 1, 0).
[T 09:32:31 8648] Allocated ID EAD2DEBB000021C8_0000000000000001 (parent 8BE1AE9D000052A0_0000000000000001)
[T 09:32:31 8648] ==== Candidate to intercept: D:\CodeQL\codeql\java\tools\windows\jdk-extractor-java\bin\java.exe (22828) ====
[T 09:32:31 8648] Lua: === Intercepted call to d:\codeql\codeql\java\tools\windows\jdk-extractor-java\bin\java.exe ===
[T 09:32:31 8648] Executing the following tracer actions:
[T 09:32:31 8648] Tracer actions:
[T 09:32:31 8648] pre_invocations(0)
[T 09:32:31 8648] post_invocations(0)
[T 09:32:31 8648] trace_languages(1): [java]
[T 09:32:31 22828] Initializing tracer.
[T 09:32:31 22828] Initializing tags.
[T 09:32:31 22828] ID set to EAD2DEBB000021C8_0000000000000001 (parent 8BE1AE9D000052A0_0000000000000001)
[T 09:32:32 22828] Passing through -javaagent:D:\CodeQL\codeql\java\tools\codeql-java-agent.jar=ignore-project,java,kotlin to underlying JVM.
[T 09:32:32 22828] Passing through -Xbootclasspath/a:D:\CodeQL\codeql\java\tools\codeql-java-agent.jar to underlying JVM.
[T 09:32:32 22828] Intercepted JVM creation with extra hidden args: ['-javaagent:D:\CodeQL\codeql\java\tools\codeql-java-agent.jar=ignore-project,java,kotlin' '-Xbootclasspath/a:D:\CodeQL\codeql\java\tools\codeql-java-agent.jar' ] (result: 1, 0).
[T 09:32:41 8648] Allocated ID 5CCE666A000021C8_0000000000000001 (parent 8BE1AE9D000052A0_0000000000000001)
[T 09:32:41 8648] ==== Candidate to intercept: D:\CodeQL\codeql\java\tools\windows\jdk-extractor-java\bin\java.exe (28100) ====
[T 09:32:41 8648] Lua: === Intercepted call to d:\codeql\codeql\java\tools\windows\jdk-extractor-java\bin\java.exe ===
[T 09:32:41 8648] Executing the following tracer actions:
[T 09:32:41 8648] Tracer actions:
[T 09:32:41 8648] pre_invocations(0)
[T 09:32:41 8648] post_invocations(0)
[T 09:32:41 8648] trace_languages(1): [java]
[T 09:32:41 28100] Initializing tracer.
[T 09:32:41 28100] Initializing tags.
[T 09:32:41 28100] ID set to 5CCE666A000021C8_0000000000000001 (parent 8BE1AE9D000052A0_0000000000000001)
[T 09:32:41 28100] Passing through -javaagent:D:\CodeQL\codeql\java\tools\codeql-java-agent.jar=ignore-project,java,kotlin to underlying JVM.
[T 09:32:41 28100] Passing through -Xbootclasspath/a:D:\CodeQL\codeql\java\tools\codeql-java-agent.jar to underlying JVM.
[T 09:32:41 28100] Intercepted JVM creation with extra hidden args: ['-javaagent:D:\CodeQL\codeql\java\tools\codeql-java-agent.jar=ignore-project,java,kotlin' '-Xbootclasspath/a:D:\CodeQL\codeql\java\tools\codeql-java-agent.jar' ] (result: 1, 0).
[T 09:32:45 21152] Allocated ID 5EF9CE61000052A0_0000000000000001 (parent A99EEF0100002500_0000000000000001)
[T 09:32:45 21152] ==== Candidate to intercept: C:\Windows\System32\cmd.exe (8340) ====
[T 09:32:45 21152] Lua: === Intercepted call to c:\windows\system32\cmd.exe ===
[T 09:32:45 21152] Executing the following tracer actions:
[T 09:32:45 21152] Tracer actions:
[T 09:32:45 21152] pre_invocations(0)
[T 09:32:45 21152] post_invocations(0)
[T 09:32:45 21152] trace_languages(1): [java]
[T 09:32:45 8340] Initializing tracer.
[T 09:32:45 8340] Initializing tags.
[T 09:32:45 8340] ID set to 5EF9CE61000052A0_0000000000000001 (parent A99EEF0100002500_0000000000000001)
