[2025-01-02 22:25:27] This is codeql database index-files --include-extension=.xml --include-extension=.wsdd --size-limit 10m --language xml -- D:\CodeQl_sectool\databases\micro_service_seclab-maindatabase
[2025-01-02 22:25:27] Log file was started late.
[2025-01-02 22:25:27] Using index-files script D:\CodeQL\codeql\xml\tools\index-files.cmd.
[2025-01-02 22:25:27] [PROGRESS] database index-files> Scanning for files in D:\CodeQl_sectool\extracted\micro_service_seclab-main...
[2025-01-02 22:25:27] Calling plumbing command: codeql resolve files --include-extension=.xml --include-extension=.wsdd --size-limit=10m D:\CodeQl_sectool\extracted\micro_service_seclab-main --format=json
[2025-01-02 22:25:27] [PROGRESS] resolve files> Scanning D:\CodeQl_sectool\extracted\micro_service_seclab-main...
[2025-01-02 22:25:27] [PROGRESS] resolve files> Scanning D:\CodeQl_sectool\extracted\micro_service_seclab-main\micro_service_seclab-main...
[2025-01-02 22:25:27] [PROGRESS] resolve files> Scanning D:\CodeQl_sectool\extracted\micro_service_seclab-main\micro_service_seclab-main\images...
[2025-01-02 22:25:27] [PROGRESS] resolve files> Scanning D:\CodeQl_sectool\extracted\micro_service_seclab-main\micro_service_seclab-main\src...
[2025-01-02 22:25:27] [PROGRESS] resolve files> Scanning D:\CodeQl_sectool\extracted\micro_service_seclab-main\micro_service_seclab-main\src\main...
[2025-01-02 22:25:27] [PROGRESS] resolve files> Scanning D:\CodeQl_sectool\extracted\micro_service_seclab-main\micro_service_seclab-main\src\main\java...
[2025-01-02 22:25:27] [PROGRESS] resolve files> Scanning D:\CodeQl_sectool\extracted\micro_service_seclab-main\micro_service_seclab-main\src\main\java\com...
[2025-01-02 22:25:27] [PROGRESS] resolve files> Scanning D:\CodeQl_sectool\extracted\micro_service_seclab-main\micro_service_seclab-main\src\main\java\com\l4yn3...
[2025-01-02 22:25:27] [PROGRESS] resolve files> Scanning D:\CodeQl_sectool\extracted\micro_service_seclab-main\micro_service_seclab-main\src\main\java\com\l4yn3\microserviceseclab...
[2025-01-02 22:25:27] [PROGRESS] resolve files> Scanning D:\CodeQl_sectool\extracted\micro_service_seclab-main\micro_service_seclab-main\src\main\java\com\l4yn3\microserviceseclab\controller...
[2025-01-02 22:25:27] [PROGRESS] resolve files> Scanning D:\CodeQl_sectool\extracted\micro_service_seclab-main\micro_service_seclab-main\src\main\java\com\l4yn3\microserviceseclab\dao...
[2025-01-02 22:25:27] [PROGRESS] resolve files> Scanning D:\CodeQl_sectool\extracted\micro_service_seclab-main\micro_service_seclab-main\src\main\java\com\l4yn3\microserviceseclab\data...
[2025-01-02 22:25:27] [PROGRESS] resolve files> Scanning D:\CodeQl_sectool\extracted\micro_service_seclab-main\micro_service_seclab-main\src\main\java\com\l4yn3\microserviceseclab\db...
[2025-01-02 22:25:27] [PROGRESS] resolve files> Scanning D:\CodeQl_sectool\extracted\micro_service_seclab-main\micro_service_seclab-main\src\main\java\com\l4yn3\microserviceseclab\logic...
[2025-01-02 22:25:27] [PROGRESS] resolve files> Scanning D:\CodeQl_sectool\extracted\micro_service_seclab-main\micro_service_seclab-main\src\main\java\com\l4yn3\microserviceseclab\mapper...
[2025-01-02 22:25:27] [PROGRESS] resolve files> Scanning D:\CodeQl_sectool\extracted\micro_service_seclab-main\micro_service_seclab-main\src\main\resources...
[2025-01-02 22:25:27] [PROGRESS] resolve files> Scanning D:\CodeQl_sectool\extracted\micro_service_seclab-main\micro_service_seclab-main\src\main\resources\mappers...
[2025-01-02 22:25:27] [PROGRESS] resolve files> Scanning D:\CodeQl_sectool\extracted\micro_service_seclab-main\micro_service_seclab-main\src\test...
[2025-01-02 22:25:27] [PROGRESS] resolve files> Scanning D:\CodeQl_sectool\extracted\micro_service_seclab-main\micro_service_seclab-main\src\test\java...
[2025-01-02 22:25:27] [PROGRESS] resolve files> Scanning D:\CodeQl_sectool\extracted\micro_service_seclab-main\micro_service_seclab-main\src\test\java\com...
[2025-01-02 22:25:27] [PROGRESS] resolve files> Scanning D:\CodeQl_sectool\extracted\micro_service_seclab-main\micro_service_seclab-main\src\test\java\com\l4yn3...
[2025-01-02 22:25:27] [PROGRESS] resolve files> Scanning D:\CodeQl_sectool\extracted\micro_service_seclab-main\micro_service_seclab-main\src\test\java\com\l4yn3\microserviceseclab...
[2025-01-02 22:25:27] [PROGRESS] resolve files> Scanning D:\CodeQl_sectool\extracted\micro_service_seclab-main\micro_service_seclab-main\target...
[2025-01-02 22:25:27] [PROGRESS] resolve files> Scanning D:\CodeQl_sectool\extracted\micro_service_seclab-main\micro_service_seclab-main\target\classes...
[2025-01-02 22:25:27] [PROGRESS] resolve files> Scanning D:\CodeQl_sectool\extracted\micro_service_seclab-main\micro_service_seclab-main\target\classes\com...
[2025-01-02 22:25:27] [PROGRESS] resolve files> Scanning D:\CodeQl_sectool\extracted\micro_service_seclab-main\micro_service_seclab-main\target\classes\com\l4yn3...
[2025-01-02 22:25:27] [PROGRESS] resolve files> Scanning D:\CodeQl_sectool\extracted\micro_service_seclab-main\micro_service_seclab-main\target\classes\com\l4yn3\microserviceseclab...
[2025-01-02 22:25:27] [PROGRESS] resolve files> Scanning D:\CodeQl_sectool\extracted\micro_service_seclab-main\micro_service_seclab-main\target\classes\com\l4yn3\microserviceseclab\controller...
[2025-01-02 22:25:27] [PROGRESS] resolve files> Scanning D:\CodeQl_sectool\extracted\micro_service_seclab-main\micro_service_seclab-main\target\classes\com\l4yn3\microserviceseclab\dao...
[2025-01-02 22:25:27] [PROGRESS] resolve files> Scanning D:\CodeQl_sectool\extracted\micro_service_seclab-main\micro_service_seclab-main\target\classes\com\l4yn3\microserviceseclab\data...
[2025-01-02 22:25:27] [PROGRESS] resolve files> Scanning D:\CodeQl_sectool\extracted\micro_service_seclab-main\micro_service_seclab-main\target\classes\com\l4yn3\microserviceseclab\db...
[2025-01-02 22:25:27] [PROGRESS] resolve files> Scanning D:\CodeQl_sectool\extracted\micro_service_seclab-main\micro_service_seclab-main\target\classes\com\l4yn3\microserviceseclab\logic...
[2025-01-02 22:25:27] [PROGRESS] resolve files> Scanning D:\CodeQl_sectool\extracted\micro_service_seclab-main\micro_service_seclab-main\target\classes\com\l4yn3\microserviceseclab\mapper...
[2025-01-02 22:25:27] [PROGRESS] resolve files> Scanning D:\CodeQl_sectool\extracted\micro_service_seclab-main\micro_service_seclab-main\target\classes\mappers...
[2025-01-02 22:25:27] [PROGRESS] resolve files> Scanning D:\CodeQl_sectool\extracted\micro_service_seclab-main\micro_service_seclab-main\target\generated-sources...
[2025-01-02 22:25:27] [PROGRESS] resolve files> Scanning D:\CodeQl_sectool\extracted\micro_service_seclab-main\micro_service_seclab-main\target\generated-sources\annotations...
[2025-01-02 22:25:27] [PROGRESS] resolve files> Scanning D:\CodeQl_sectool\extracted\micro_service_seclab-main\micro_service_seclab-main\target\generated-test-sources...
[2025-01-02 22:25:27] [PROGRESS] resolve files> Scanning D:\CodeQl_sectool\extracted\micro_service_seclab-main\micro_service_seclab-main\target\generated-test-sources\test-annotations...
[2025-01-02 22:25:27] [PROGRESS] resolve files> Scanning D:\CodeQl_sectool\extracted\micro_service_seclab-main\micro_service_seclab-main\target\maven-archiver...
[2025-01-02 22:25:27] [PROGRESS] resolve files> Scanning D:\CodeQl_sectool\extracted\micro_service_seclab-main\micro_service_seclab-main\target\maven-status...
[2025-01-02 22:25:27] [PROGRESS] resolve files> Scanning D:\CodeQl_sectool\extracted\micro_service_seclab-main\micro_service_seclab-main\target\maven-status\maven-compiler-plugin...
[2025-01-02 22:25:27] [PROGRESS] resolve files> Scanning D:\CodeQl_sectool\extracted\micro_service_seclab-main\micro_service_seclab-main\target\maven-status\maven-compiler-plugin\compile...
[2025-01-02 22:25:27] [PROGRESS] resolve files> Scanning D:\CodeQl_sectool\extracted\micro_service_seclab-main\micro_service_seclab-main\target\maven-status\maven-compiler-plugin\compile\default-compile...
[2025-01-02 22:25:27] [PROGRESS] resolve files> Scanning D:\CodeQl_sectool\extracted\micro_service_seclab-main\micro_service_seclab-main\target\maven-status\maven-compiler-plugin\testCompile...
[2025-01-02 22:25:27] [PROGRESS] resolve files> Scanning D:\CodeQl_sectool\extracted\micro_service_seclab-main\micro_service_seclab-main\target\maven-status\maven-compiler-plugin\testCompile\default-testCompile...
[2025-01-02 22:25:27] [PROGRESS] resolve files> Scanning D:\CodeQl_sectool\extracted\micro_service_seclab-main\micro_service_seclab-main\target\test-classes...
[2025-01-02 22:25:27] [PROGRESS] resolve files> Scanning D:\CodeQl_sectool\extracted\micro_service_seclab-main\micro_service_seclab-main\target\test-classes\com...
[2025-01-02 22:25:27] [PROGRESS] resolve files> Scanning D:\CodeQl_sectool\extracted\micro_service_seclab-main\micro_service_seclab-main\target\test-classes\com\l4yn3...
[2025-01-02 22:25:27] [PROGRESS] resolve files> Scanning D:\CodeQl_sectool\extracted\micro_service_seclab-main\micro_service_seclab-main\target\test-classes\com\l4yn3\microserviceseclab...
[2025-01-02 22:25:27] Plumbing command codeql resolve files completed:
                      [
                        "D:\\CodeQl_sectool\\extracted\\micro_service_seclab-main\\micro_service_seclab-main\\pom.xml",
                        "D:\\CodeQl_sectool\\extracted\\micro_service_seclab-main\\micro_service_seclab-main\\src\\main\\resources\\mappers\\IStudentMapper.xml",
                        "D:\\CodeQl_sectool\\extracted\\micro_service_seclab-main\\micro_service_seclab-main\\src\\main\\resources\\mappers\\MyMapper.xml",
                        "D:\\CodeQl_sectool\\extracted\\micro_service_seclab-main\\micro_service_seclab-main\\src\\main\\resources\\mybatis-config.xml",
                        "D:\\CodeQl_sectool\\extracted\\micro_service_seclab-main\\micro_service_seclab-main\\target\\classes\\mappers\\IStudentMapper.xml",
                        "D:\\CodeQl_sectool\\extracted\\micro_service_seclab-main\\micro_service_seclab-main\\target\\classes\\mappers\\MyMapper.xml",
                        "D:\\CodeQl_sectool\\extracted\\micro_service_seclab-main\\micro_service_seclab-main\\target\\classes\\mybatis-config.xml"
                      ]
[2025-01-02 22:25:27] [DETAILS] database index-files> Found 7 files.
[2025-01-02 22:25:27] [PROGRESS] database index-files> D:\CodeQl_sectool\databases\micro_service_seclab-maindatabase: Indexing files in in D:\CodeQl_sectool\extracted\micro_service_seclab-main...
[2025-01-02 22:25:27] Using index-files script D:\CodeQL\codeql\xml\tools\index-files.cmd.
[2025-01-02 22:25:27] [PROGRESS] database index-files> Running command in D:\CodeQl_sectool\extracted\micro_service_seclab-main: [D:\CodeQL\codeql\xml\tools\index-files.cmd, D:\CodeQl_sectool\databases\micro_service_seclab-maindatabase\working\files-to-index15202149533077405540.list]
[2025-01-02 22:25:28] Terminating normally.
