[2025-01-03 17:32:41] [javac-extractor-28100] Starting extraction for:
                                              sun.java.command=com.semmle.extractor.java.JavaExtractor --jdk-version -1 --javac-args @@@D:\CodeQl_sectool\databases\micro_service_seclab-maindatabase\log\ext\javac-1.args
                                              user.dir=D:\CodeQl_sectool\extracted\micro_service_seclab-main\micro_service_seclab-main
[2025-01-03 17:32:41] [javac-extractor-28100] Compilation name D:/CodeQl_sectool/databases/micro_service_seclab-maindatabase/trap/java/diagnostics/diagnostic-1.trap.gz
[2025-01-03 17:32:41] [javac-extractor-28100] [WARN] Appending source destination directory D:\CodeQl_sectool\extracted\micro_service_seclab-main\micro_service_seclab-main\target\generated-test-sources\test-annotations to sourcepath
[2025-01-03 17:32:42] [javac-extractor-28100] Annotation processor class 'lombok.launch.AnnotationProcessorHider$AnnotationProcessor' initialized.
[2025-01-03 17:32:42] [javac-extractor-28100] Annotation processor class 'lombok.launch.AnnotationProcessorHider$ClaimingProcessor' initialized.
[2025-01-03 17:32:42] [javac-extractor-28100] Processing file D:\CodeQl_sectool\extracted\micro_service_seclab-main\micro_service_seclab-main\src\test\java\com\l4yn3\microserviceseclab\MicroServiceSeclabApplicationTests.java
[2025-01-03 17:32:42] [javac-extractor-28100] [WARN] Not rewriting trap file for D:\CodeQl_sectool\databases\micro_service_seclab-maindatabase\trap\java\classes\java\lang\Object.members\Object.members#52.0-1444120998000-java.trap.gz as it exists
[2025-01-03 17:32:42] [javac-extractor-28100] [WARN] Not rewriting trap file for D:\CodeQl_sectool\databases\micro_service_seclab-maindatabase\trap\java\classes\java\lang\annotation\Annotation.members\Annotation.members#52.0-1444121000000-java.trap.gz as it exists
[2025-01-03 17:32:42] [javac-extractor-28100] [WARN] Not rewriting trap file for D:\CodeQl_sectool\databases\micro_service_seclab-maindatabase\trap\java\classes\java\lang\annotation\Documented.members\Documented.members#52.0-1444121000000-java.trap.gz as it exists
[2025-01-03 17:32:42] [javac-extractor-28100] [WARN] Not rewriting trap file for D:\CodeQl_sectool\databases\micro_service_seclab-maindatabase\trap\java\classes\java\lang\annotation\Retention.members\Retention.members#52.0-1444121000000-java.trap.gz as it exists
[2025-01-03 17:32:42] [javac-extractor-28100] [WARN] Not rewriting trap file for D:\CodeQl_sectool\databases\micro_service_seclab-maindatabase\trap\java\classes\java\lang\annotation\RetentionPolicy.members\RetentionPolicy.members#52.0-1444121002000-java.trap.gz as it exists
[2025-01-03 17:32:42] [javac-extractor-28100] [WARN] Not rewriting trap file for D:\CodeQl_sectool\databases\micro_service_seclab-maindatabase\trap\java\classes\java\lang\annotation\Target.members\Target.members#52.0-1444121000000-java.trap.gz as it exists
[2025-01-03 17:32:42] [javac-extractor-28100] [WARN] Not rewriting trap file for D:\CodeQl_sectool\databases\micro_service_seclab-maindatabase\trap\java\classes\java\lang\annotation\ElementType.members\ElementType.members#52.0-1444121002000-java.trap.gz as it exists
[2025-01-03 17:32:42] [javac-extractor-28100] [WARN] Not rewriting trap file for D:\CodeQl_sectool\databases\micro_service_seclab-maindatabase\trap\java\classes\java\lang\Cloneable.members\Cloneable.members#52.0-1444121002000-java.trap.gz as it exists
[2025-01-03 17:32:42] [javac-extractor-28100] [WARN] Not rewriting trap file for D:\CodeQl_sectool\databases\micro_service_seclab-maindatabase\trap\java\classes\java\io\Serializable.members\Serializable.members#52.0-1444121000000-java.trap.gz as it exists
[2025-01-03 17:32:42] [javac-extractor-28100] [WARN] Not rewriting trap file for D:\CodeQl_sectool\databases\micro_service_seclab-maindatabase\trap\java\classes\java\lang\String.members\String.members#52.0-1444121000000-java.trap.gz as it exists
[2025-01-03 17:32:42] [javac-extractor-28100] [WARN] Not rewriting trap file for D:\CodeQl_sectool\databases\micro_service_seclab-maindatabase\trap\java\classes\java\lang\annotation\Inherited.members\Inherited.members#52.0-1444121022000-java.trap.gz as it exists
[2025-01-03 17:32:42] [javac-extractor-28100] [WARN] Not rewriting trap file for D:\CodeQl_sectool\databases\micro_service_seclab-maindatabase\trap\java\classes\java\lang\Class.members\Class.members#52.0-1444121000000-java.trap.gz as it exists
[2025-01-03 17:32:42] [javac-extractor-28100] [WARN] Not rewriting trap file for D:\CodeQl_sectool\databases\micro_service_seclab-maindatabase\trap\java\classes\java\lang\reflect\GenericDeclaration.members\GenericDeclaration.members#52.0-1444121000000-java.trap.gz as it exists
[2025-01-03 17:32:42] [javac-extractor-28100] [WARN] Not rewriting trap file for D:\CodeQl_sectool\databases\micro_service_seclab-maindatabase\trap\java\classes\java\lang\reflect\Type.members\Type.members#52.0-1444121000000-java.trap.gz as it exists
[2025-01-03 17:32:42] [javac-extractor-28100] [WARN] Not rewriting trap file for D:\CodeQl_sectool\databases\micro_service_seclab-maindatabase\trap\java\classes\java\lang\reflect\AnnotatedElement.members\AnnotatedElement.members#52.0-1444121000000-java.trap.gz as it exists
[2025-01-03 17:32:43] [javac-extractor-28100] [WARN] Not rewriting trap file for D:\CodeQl_sectool\databases\micro_service_seclab-maindatabase\trap\java\classes\org\springframework\core\annotation\AliasFor.members\AliasFor.members#52.0-318182400000-java.trap.gz as it exists
[2025-01-03 17:32:43] [javac-extractor-28100] [WARN] Not rewriting trap file for D:\CodeQl_sectool\databases\micro_service_seclab-maindatabase\trap\java\classes\java\lang\Enum.members\Enum.members#52.0-1444121002000-java.trap.gz as it exists
[2025-01-03 17:32:43] [javac-extractor-28100] [WARN] Not rewriting trap file for D:\CodeQl_sectool\databases\micro_service_seclab-maindatabase\trap\java\classes\java\lang\Comparable.members\Comparable.members#52.0-1444121000000-java.trap.gz as it exists
[2025-01-03 17:32:43] [javac-extractor-28100] [WARN] Not rewriting trap file for D:\CodeQl_sectool\databases\micro_service_seclab-maindatabase\trap\java\classes\java\lang\CloneNotSupportedException.members\CloneNotSupportedException.members#52.0-1444121000000-java.trap.gz as it exists
[2025-01-03 17:32:43] [javac-extractor-28100] [WARN] Not rewriting trap file for D:\CodeQl_sectool\databases\micro_service_seclab-maindatabase\trap\java\classes\java\lang\annotation\Repeatable.members\Repeatable.members#52.0-1444121022000-java.trap.gz as it exists
[2025-01-03 17:32:43] [javac-extractor-28100] [WARN] Not rewriting trap file for D:\CodeQl_sectool\databases\micro_service_seclab-maindatabase\trap\java\classes\org\springframework\context\ApplicationContext.members\ApplicationContext.members#52.0-1626215938000-java.trap.gz as it exists
[2025-01-03 17:32:43] [javac-extractor-28100] [WARN] Not rewriting trap file for D:\CodeQl_sectool\databases\micro_service_seclab-maindatabase\trap\java\classes\org\springframework\lang\Nullable.members\Nullable.members#52.0-318182400000-java.trap.gz as it exists
[2025-01-03 17:32:43] [javac-extractor-28100] [WARN] Not rewriting trap file for D:\CodeQl_sectool\databases\micro_service_seclab-maindatabase\trap\java\classes\java\lang\Exception.members\Exception.members#52.0-1444121000000-java.trap.gz as it exists
[2025-01-03 17:32:43] [javac-extractor-28100] [WARN] Not rewriting trap file for D:\CodeQl_sectool\databases\micro_service_seclab-maindatabase\trap\java\classes\java\util\List.members\List.members#52.0-1444121000000-java.trap.gz as it exists
[2025-01-03 17:32:43] [javac-extractor-28100] [WARN] Not rewriting trap file for D:\CodeQl_sectool\databases\micro_service_seclab-maindatabase\trap\java\classes\java\util\Collection.members\Collection.members#52.0-1444121000000-java.trap.gz as it exists
[2025-01-03 17:32:43] [javac-extractor-28100] [WARN] Not rewriting trap file for D:\CodeQl_sectool\databases\micro_service_seclab-maindatabase\trap\java\classes\java\lang\Iterable.members\Iterable.members#52.0-1444121000000-java.trap.gz as it exists
[2025-01-03 17:32:43] [javac-extractor-28100] [WARN] Not rewriting trap file for D:\CodeQl_sectool\databases\micro_service_seclab-maindatabase\trap\java\classes\java\util\Set.members\Set.members#52.0-1444121000000-java.trap.gz as it exists
[2025-01-03 17:32:43] [javac-extractor-28100] [WARN] Not rewriting trap file for D:\CodeQl_sectool\databases\micro_service_seclab-maindatabase\trap\java\classes\java\lang\FunctionalInterface.members\FunctionalInterface.members#52.0-1444121000000-java.trap.gz as it exists
[2025-01-03 17:32:43] [javac-extractor-28100] [WARN] Not rewriting trap file for D:\CodeQl_sectool\databases\micro_service_seclab-maindatabase\trap\java\classes\java\util\Map.members\Map.members#52.0-1444121000000-java.trap.gz as it exists
[2025-01-03 17:32:43] [javac-extractor-28100] [WARN] Not rewriting trap file for D:\CodeQl_sectool\databases\micro_service_seclab-maindatabase\trap\java\classes\java\util\function\Function.members\Function.members#52.0-1444121002000-java.trap.gz as it exists
[2025-01-03 17:32:43] [javac-extractor-28100] [WARN] Not rewriting trap file for D:\CodeQl_sectool\databases\micro_service_seclab-maindatabase\trap\java\classes\java\util\Optional.members\Optional.members#52.0-1444121004000-java.trap.gz as it exists
[2025-01-03 17:32:43] [javac-extractor-28100] [WARN] Not rewriting trap file for D:\CodeQl_sectool\databases\micro_service_seclab-maindatabase\trap\java\classes\java\lang\Throwable.members\Throwable.members#52.0-1444121000000-java.trap.gz as it exists
[2025-01-03 17:32:43] [javac-extractor-28100] [WARN] Not rewriting trap file for D:\CodeQl_sectool\databases\micro_service_seclab-maindatabase\trap\java\classes\java\lang\reflect\Method.members\Method.members#52.0-1444121002000-java.trap.gz as it exists
[2025-01-03 17:32:43] [javac-extractor-28100] [WARN] Not rewriting trap file for D:\CodeQl_sectool\databases\micro_service_seclab-maindatabase\trap\java\classes\java\lang\reflect\Executable.members\Executable.members#52.0-1444120998000-java.trap.gz as it exists
[2025-01-03 17:32:43] [javac-extractor-28100] [WARN] Not rewriting trap file for D:\CodeQl_sectool\databases\micro_service_seclab-maindatabase\trap\java\classes\java\lang\reflect\Parameter.members\Parameter.members#52.0-1444121000000-java.trap.gz as it exists
[2025-01-03 17:32:43] [javac-extractor-28100] [WARN] Not rewriting trap file for D:\CodeQl_sectool\databases\micro_service_seclab-maindatabase\trap\java\classes\org\springframework\context\ApplicationContextInitializer.members\ApplicationContextInitializer.members#52.0-1626215938000-java.trap.gz as it exists
[2025-01-03 17:32:43] [javac-extractor-28100] [WARN] Not rewriting trap file for D:\CodeQl_sectool\databases\micro_service_seclab-maindatabase\trap\java\classes\org\springframework\core\annotation\AnnotationAttributes.members\AnnotationAttributes.members#52.0-318182400000-java.trap.gz as it exists
[2025-01-03 17:32:43] [javac-extractor-28100] [WARN] Not rewriting trap file for D:\CodeQl_sectool\databases\micro_service_seclab-maindatabase\trap\java\classes\org\springframework\core\AttributeAccessor.members\AttributeAccessor.members#52.0-318182400000-java.trap.gz as it exists
[2025-01-03 17:32:43] [javac-extractor-28100] [WARN] Not rewriting trap file for D:\CodeQl_sectool\databases\micro_service_seclab-maindatabase\trap\java\classes\org\springframework\context\ApplicationEvent.members\ApplicationEvent.members#52.0-1626215938000-java.trap.gz as it exists
[2025-01-03 17:32:43] [javac-extractor-28100] [WARN] Not rewriting trap file for D:\CodeQl_sectool\databases\micro_service_seclab-maindatabase\trap\java\classes\org\springframework\context\ConfigurableApplicationContext.members\ConfigurableApplicationContext.members#52.0-1626215938000-java.trap.gz as it exists
[2025-01-03 17:32:43] [javac-extractor-28100] [WARN] Not rewriting trap file for D:\CodeQl_sectool\databases\micro_service_seclab-maindatabase\trap\java\classes\java\lang\RuntimeException.members\RuntimeException.members#52.0-1444121000000-java.trap.gz as it exists
[2025-01-03 17:32:43] [javac-extractor-28100] Processing JAR file: D:/apache-maven-3.6.3/rep/org/junit/jupiter/junit-jupiter-api/5.7.2/junit-jupiter-api-5.7.2.jar
[2025-01-03 17:32:43] [javac-extractor-28100] Processing JAR file: D:/apache-maven-3.6.3/rep/org/springframework/boot/spring-boot-test/2.5.3/spring-boot-test-2.5.3.jar
[2025-01-03 17:32:43] [javac-extractor-28100] Processing JAR file: D:/apache-maven-3.6.3/rep/org/apiguardian/apiguardian-api/1.1.0/apiguardian-api-1.1.0.jar
[2025-01-03 17:32:43] [javac-extractor-28100] Processing JAR file: D:/apache-maven-3.6.3/rep/org/junit/platform/junit-platform-commons/1.7.2/junit-platform-commons-1.7.2.jar
[2025-01-03 17:32:43] [javac-extractor-28100] Processing JAR file: D:/apache-maven-3.6.3/rep/org/springframework/spring-test/5.3.9/spring-test-5.3.9.jar
[2025-01-03 17:32:43] [javac-extractor-28100] Javac init time: 1.1s
[2025-01-03 17:32:43] [javac-extractor-28100] Javac attr time: 0.0s
[2025-01-03 17:32:43] [javac-extractor-28100] Extractor time: 0.3s
[2025-01-03 17:32:43] [javac-extractor-28100] Other time: 0.2s
[2025-01-03 17:32:43] [javac-extractor-28100] Total time: 1.6s
